Performing C SOURCE FILE Test CMAKE_HAVE_LIBC_PTHREAD failed with the following output:
Change Dir: /home/myk/slam_lrn/SLAM14/myk_demo/Ceres_lrn/cmake-build-debug/CMakeFiles/CMakeTmp

Run Build Command(s):/usr/bin/make cmTC_071ab/fast && /usr/bin/make  -f CMakeFiles/cmTC_071ab.dir/build.make CMakeFiles/cmTC_071ab.dir/build
make[1]: 进入目录“/home/myk/slam_lrn/SLAM14/myk_demo/Ceres_lrn/cmake-build-debug/CMakeFiles/CMakeTmp”
Building C object CMakeFiles/cmTC_071ab.dir/src.c.o
/usr/bin/cc   -DCMAKE_HAVE_LIBC_PTHREAD   -o CMakeFiles/cmTC_071ab.dir/src.c.o   -c /home/myk/slam_lrn/SLAM14/myk_demo/Ceres_lrn/cmake-build-debug/CMakeFiles/CMakeTmp/src.c
Linking C executable cmTC_071ab
/opt/clion-2020.3/bin/cmake/linux/bin/cmake -E cmake_link_script CMakeFiles/cmTC_071ab.dir/link.txt --verbose=1
/usr/bin/cc  -DCMAKE_HAVE_LIBC_PTHREAD    CMakeFiles/cmTC_071ab.dir/src.c.o  -o cmTC_071ab 
CMakeFiles/cmTC_071ab.dir/src.c.o：在函数‘main’中：
src.c:(.text+0x3e)：对‘pthread_create’未定义的引用
src.c:(.text+0x4a)：对‘pthread_detach’未定义的引用
src.c:(.text+0x56)：对‘pthread_cancel’未定义的引用
src.c:(.text+0x67)：对‘pthread_join’未定义的引用
src.c:(.text+0x7b)：对‘pthread_atfork’未定义的引用
collect2: error: ld returned 1 exit status
CMakeFiles/cmTC_071ab.dir/build.make:106: recipe for target 'cmTC_071ab' failed
make[1]: *** [cmTC_071ab] Error 1
make[1]: 离开目录“/home/myk/slam_lrn/SLAM14/myk_demo/Ceres_lrn/cmake-build-debug/CMakeFiles/CMakeTmp”
Makefile:141: recipe for target 'cmTC_071ab/fast' failed
make: *** [cmTC_071ab/fast] Error 2


Source file was:
#include <pthread.h>

void* test_func(void* data)
{
  return data;
}

int main(void)
{
  pthread_t thread;
  pthread_create(&thread, NULL, test_func, NULL);
  pthread_detach(thread);
  pthread_cancel(thread);
  pthread_join(thread, NULL);
  pthread_atfork(NULL, NULL, NULL);
  pthread_exit(NULL);

  return 0;
}

Determining if the function pthread_create exists in the pthreads failed with the following output:
Change Dir: /home/myk/slam_lrn/SLAM14/myk_demo/Ceres_lrn/cmake-build-debug/CMakeFiles/CMakeTmp

Run Build Command(s):/usr/bin/make cmTC_57385/fast && /usr/bin/make  -f CMakeFiles/cmTC_57385.dir/build.make CMakeFiles/cmTC_57385.dir/build
make[1]: 进入目录“/home/myk/slam_lrn/SLAM14/myk_demo/Ceres_lrn/cmake-build-debug/CMakeFiles/CMakeTmp”
Building C object CMakeFiles/cmTC_57385.dir/CheckFunctionExists.c.o
/usr/bin/cc   -DCHECK_FUNCTION_EXISTS=pthread_create   -o CMakeFiles/cmTC_57385.dir/CheckFunctionExists.c.o   -c /opt/clion-2020.3/bin/cmake/linux/share/cmake-3.17/Modules/CheckFunctionExists.c
Linking C executable cmTC_57385
/opt/clion-2020.3/bin/cmake/linux/bin/cmake -E cmake_link_script CMakeFiles/cmTC_57385.dir/link.txt --verbose=1
/usr/bin/cc  -DCHECK_FUNCTION_EXISTS=pthread_create    CMakeFiles/cmTC_57385.dir/CheckFunctionExists.c.o  -o cmTC_57385  -lpthreads 
/usr/bin/ld: 找不到 -lpthreads
collect2: error: ld returned 1 exit status
CMakeFiles/cmTC_57385.dir/build.make:106: recipe for target 'cmTC_57385' failed
make[1]: *** [cmTC_57385] Error 1
make[1]: 离开目录“/home/myk/slam_lrn/SLAM14/myk_demo/Ceres_lrn/cmake-build-debug/CMakeFiles/CMakeTmp”
Makefile:141: recipe for target 'cmTC_57385/fast' failed
make: *** [cmTC_57385/fast] Error 2



